<?xml version="1.0" encoding="UTF-8"?>
<!-- Generated by org.testng.reporters.JUnitReportReporter -->
<testsuite hostname="INLEN8520042365" failures="0" tests="1" name="org.Test.com.Reports" time="5.514" errors="0" timestamp="2022-04-08T17:47:27 IST" skipped="0">
  <testcase classname="org.Test.com.Reports" name="search" time="5.514"/>
  <system-out/>
</testsuite> <!-- org.Test.com.Reports -->
